Build started 15.10.2020 18:58:22.
     1>Project "D:\Development\Projects\OxyChess\proj.win32\OxyChess.vcxproj" on node 2 (Build target(s)).
     1>ClCompile:
         C:\Program Files (x86)\Microsoft Visual Studio 14.0\VC\bin\CL.exe /c /I"../../../Libs/oxygine-framework-with-sdl/oxygine-framework//oxygine/src" /I"../../../Libs/oxygine-framework-with-sdl//SDL/include" /I"../../../Libs/oxygine-framework-with-sdl/oxygine-framework//oxygine/third_party/win32/pthreads/include" /ZI /nologo /W3 /WX- /Od /Oy- /D WIN32 /D _DEBUG /D _WINDOWS /D _USING_V110_SDK71_ /D _UNICODE /D UNICODE /Gm /EHsc /RTC1 /MDd /GS /fp:precise /Zc:wchar_t /Zc:forScope /Zc:inline /Fo"Debug_v140_xp\\" /Fd"Debug_v140_xp\vc140.pdb" /Gd /TP /analyze- /errorReport:prompt ..\src\example.cpp ..\src\main.cpp
         main.cpp
         example.cpp
         Generating Code...
       Link:
         C:\Program Files (x86)\Microsoft Visual Studio 14.0\VC\bin\link.exe /ERRORREPORT:PROMPT /OUT:"D:\Development\Projects\OxyChess\proj.win32\Debug_v140_xp\OxyChess.exe" /INCREMENTAL:NO /NOLOGO /LIBPATH:"../../../Libs/oxygine-framework-with-sdl/oxygine-framework//oxygine/third_party/win32/libraries" /LIBPATH:"../../../Libs/oxygine-framework-with-sdl/oxygine-framework//libs" /MANIFEST /MANIFESTUAC:"level='asInvoker' uiAccess='false'" /manifest:embed /DEBUG /PDB:"D:\Development\Projects\OxyChess\proj.win32\Debug_v140_xp\OxyChess.pdb" /SUBSYSTEM:WINDOWS,"5.01" /TLBID:1 /DYNAMICBASE /NXCOMPAT /IMPLIB:"D:\Development\Projects\OxyChess\proj.win32\Debug_v140_xp\OxyChess.lib" /MACHINE:X86 /ignore:4099 Debug_v140_xp\example.obj
         Debug_v140_xp\main.obj
         D:\Development\Projects\OxyChess\proj.win32\Debug_v140_xp\oxygine_d.lib
     1>example.obj : warning LNK4075: ignoring '/EDITANDCONTINUE' due to '/OPT:LBR' specification
         oxygine_d.lib(jerror.obj) : MSIL .netmodule or module compiled with /GL found; restarting link with /LTCG; add /LTCG to the link command line to improve linker performance
     1>example.obj : warning LNK4075: ignoring '/EDITANDCONTINUE' due to '/OPT:LBR' specification
     1>LINK : warning LNK4098: defaultlib 'MSVCRT' conflicts with use of other libs; use /NODEFAULTLIB:library
         Generating code
         Finished generating code
         OxyChess.vcxproj -> D:\Development\Projects\OxyChess\proj.win32\Debug_v140_xp\OxyChess.exe
     1>Done Building Project "D:\Development\Projects\OxyChess\proj.win32\OxyChess.vcxproj" (Build target(s)).

Build succeeded.

Time Elapsed 00:00:03.60
