Build started 16.10.2020 13:40:53.
     1>Project "D:\Development\Projects\OxyChess\proj.win32\OxyChess.vcxproj" on node 2 (Build target(s)).
     1>ClCompile:
         C:\Program Files (x86)\Microsoft Visual Studio 14.0\VC\bin\CL.exe /c /I"../../../Libs/oxygine-framework-with-sdl/oxygine-framework//oxygine/src" /I"../../../Libs/oxygine-framework-with-sdl//SDL/include" /I"../../../Libs/oxygine-framework-with-sdl/oxygine-framework//oxygine/third_party/win32/pthreads/include" /ZI /nologo /W3 /WX- /Od /Oy- /D WIN32 /D _DEBUG /D _WINDOWS /D _UNICODE /D UNICODE /Gm /EHsc /RTC1 /MDd /GS /fp:precise /Zc:wchar_t /Zc:forScope /Zc:inline /Fo"Debug_v140\\" /Fd"Debug_v140\vc140.pdb" /Gd /TP /analyze- /errorReport:prompt ..\src\board.cpp
         board.cpp
     1>d:\development\projects\oxychess\src\board.cpp(8): warning C4244: 'argument': conversion from 'int' to 'float', possible loss of data
     1>d:\development\projects\oxychess\src\board.cpp(12): warning C4244: 'argument': conversion from 'int' to 'float', possible loss of data
       Link:
         C:\Program Files (x86)\Microsoft Visual Studio 14.0\VC\bin\link.exe /ERRORREPORT:PROMPT /OUT:"D:\Development\Projects\OxyChess\proj.win32\Debug_v140\OxyChess.exe" /INCREMENTAL:NO /NOLOGO /LIBPATH:"../../../Libs/oxygine-framework-with-sdl/oxygine-framework//oxygine/third_party/win32/libraries" /LIBPATH:"../../../Libs/oxygine-framework-with-sdl/oxygine-framework//libs" /MANIFEST /MANIFESTUAC:"level='asInvoker' uiAccess='false'" /manifest:embed /DEBUG /PDB:"D:\Development\Projects\OxyChess\proj.win32\Debug_v140\OxyChess.pdb" /SUBSYSTEM:WINDOWS /TLBID:1 /DYNAMICBASE /NXCOMPAT /IMPLIB:"D:\Development\Projects\OxyChess\proj.win32\Debug_v140\OxyChess.lib" /MACHINE:X86 /ignore:4099 Debug_v140\board.obj
         Debug_v140\figure.obj
         Debug_v140\game.obj
         Debug_v140\main.obj
         Debug_v140\resourcemanager.obj
         D:\Development\Projects\OxyChess\proj.win32\Debug_v140_xp\oxygine_d.lib
     1>board.obj : warning LNK4075: ignoring '/EDITANDCONTINUE' due to '/OPT:LBR' specification
         oxygine_d.lib(jerror.obj) : MSIL .netmodule or module compiled with /GL found; restarting link with /LTCG; add /LTCG to the link command line to improve linker performance
     1>board.obj : warning LNK4075: ignoring '/EDITANDCONTINUE' due to '/OPT:LBR' specification
     1>LINK : warning LNK4098: defaultlib 'MSVCRT' conflicts with use of other libs; use /NODEFAULTLIB:library
         Generating code
         Finished generating code
         OxyChess.vcxproj -> D:\Development\Projects\OxyChess\proj.win32\Debug_v140\OxyChess.exe
     1>Done Building Project "D:\Development\Projects\OxyChess\proj.win32\OxyChess.vcxproj" (Build target(s)).

Build succeeded.

Time Elapsed 00:00:02.81
